<?xml version="1.0" encoding="UTF-8"?>
<!-- Generated by org.testng.reporters.JUnitReportReporter -->
<testsuite hostname="VI-D65" name="TestAutomation.TestAutomation_Framework.TC_Login" tests="1" failures="0" timestamp="22 Aug 2016 10:40:52 GMT" time="1.925" errors="0">
  <testcase name="testLogin" time="1.925" classname="TestAutomation.TestAutomation_Framework.TC_Login"/>
</testsuite> <!-- TestAutomation.TestAutomation_Framework.TC_Login -->
